Determining if the pthread_create exist failed with the following output:
Change Dir: /home/lzy/RockroboBridge/cmake-build-debug/CMakeFiles/CMakeTmp

Run Build Command:"/usr/bin/make" "cmTC_c64af/fast"
/usr/bin/make -f CMakeFiles/cmTC_c64af.dir/build.make CMakeFiles/cmTC_c64af.dir/build
make[1]: Entering directory '/home/lzy/RockroboBridge/cmake-build-debug/CMakeFiles/CMakeTmp'
Building C object CMakeFiles/cmTC_c64af.dir/CheckSymbolExists.c.o
/usr/bin/cc    -o CMakeFiles/cmTC_c64af.dir/CheckSymbolExists.c.o   -c /home/lzy/RockroboBridge/cmake-build-debug/CMakeFiles/CMakeTmp/CheckSymbolExists.c
Linking C executable cmTC_c64af
/home/lzy/clion-2018.1.2/bin/cmake/bin/cmake -E cmake_link_script CMakeFiles/cmTC_c64af.dir/link.txt --verbose=1
/usr/bin/cc      -rdynamic CMakeFiles/cmTC_c64af.dir/CheckSymbolExists.c.o  -o cmTC_c64af 
CMakeFiles/cmTC_c64af.dir/CheckSymbolExists.c.o: In function `main':
CheckSymbolExists.c:(.text+0x16): undefined reference to `pthread_create'
collect2: error: ld returned 1 exit status
CMakeFiles/cmTC_c64af.dir/build.make:97: recipe for target 'cmTC_c64af' failed
make[1]: *** [cmTC_c64af] Error 1
make[1]: Leaving directory '/home/lzy/RockroboBridge/cmake-build-debug/CMakeFiles/CMakeTmp'
Makefile:126: recipe for target 'cmTC_c64af/fast' failed
make: *** [cmTC_c64af/fast] Error 2

File /home/lzy/RockroboBridge/cmake-build-debug/CMakeFiles/CMakeTmp/CheckSymbolExists.c:
/* */
#include <pthread.h>

int main(int argc, char** argv)
{
  (void)argv;
#ifndef pthread_create
  return ((int*)(&pthread_create))[argc];
#else
  (void)argc;
  return 0;
#endif
}

Determining if the function pthread_create exists in the pthreads failed with the following output:
Change Dir: /home/lzy/RockroboBridge/cmake-build-debug/CMakeFiles/CMakeTmp

Run Build Command:"/usr/bin/make" "cmTC_70adf/fast"
/usr/bin/make -f CMakeFiles/cmTC_70adf.dir/build.make CMakeFiles/cmTC_70adf.dir/build
make[1]: Entering directory '/home/lzy/RockroboBridge/cmake-build-debug/CMakeFiles/CMakeTmp'
Building C object CMakeFiles/cmTC_70adf.dir/CheckFunctionExists.c.o
/usr/bin/cc   -DCHECK_FUNCTION_EXISTS=pthread_create   -o CMakeFiles/cmTC_70adf.dir/CheckFunctionExists.c.o   -c /home/lzy/clion-2018.1.2/bin/cmake/share/cmake-3.10/Modules/CheckFunctionExists.c
Linking C executable cmTC_70adf
/home/lzy/clion-2018.1.2/bin/cmake/bin/cmake -E cmake_link_script CMakeFiles/cmTC_70adf.dir/link.txt --verbose=1
/usr/bin/cc  -DCHECK_FUNCTION_EXISTS=pthread_create    -rdynamic CMakeFiles/cmTC_70adf.dir/CheckFunctionExists.c.o  -o cmTC_70adf -lpthreads 
/usr/bin/ld: cannot find -lpthreads
collect2: error: ld returned 1 exit status
CMakeFiles/cmTC_70adf.dir/build.make:97: recipe for target 'cmTC_70adf' failed
make[1]: *** [cmTC_70adf] Error 1
make[1]: Leaving directory '/home/lzy/RockroboBridge/cmake-build-debug/CMakeFiles/CMakeTmp'
Makefile:126: recipe for target 'cmTC_70adf/fast' failed
make: *** [cmTC_70adf/fast] Error 2


