Determining if the pthread_create exist failed with the following output:
Change Dir: /home/lzy/RockroboBridge/build/CMakeFiles/CMakeTmp

Run Build Command:"/usr/bin/make" "cmTC_9720d/fast"
/usr/bin/make -f CMakeFiles/cmTC_9720d.dir/build.make CMakeFiles/cmTC_9720d.dir/build
make[1]: Entering directory '/home/lzy/RockroboBridge/build/CMakeFiles/CMakeTmp'
Building C object CMakeFiles/cmTC_9720d.dir/CheckSymbolExists.c.o
/usr/bin/arm-linux-gnueabihf-gcc-5  -D_GLIBCXX_USE_CXX11_ABI=0   -o CMakeFiles/cmTC_9720d.dir/CheckSymbolExists.c.o   -c /home/lzy/RockroboBridge/build/CMakeFiles/CMakeTmp/CheckSymbolExists.c
Linking C executable cmTC_9720d
/usr/bin/cmake -E cmake_link_script CMakeFiles/cmTC_9720d.dir/link.txt --verbose=1
/usr/bin/arm-linux-gnueabihf-gcc-5       CMakeFiles/cmTC_9720d.dir/CheckSymbolExists.c.o  -o cmTC_9720d -rdynamic 
CMakeFiles/cmTC_9720d.dir/CheckSymbolExists.c.o: In function `main':
CheckSymbolExists.c:(.text+0xe): undefined reference to `pthread_create'
CheckSymbolExists.c:(.text+0x12): undefined reference to `pthread_create'
collect2: error: ld returned 1 exit status
CMakeFiles/cmTC_9720d.dir/build.make:97: recipe for target 'cmTC_9720d' failed
make[1]: *** [cmTC_9720d] Error 1
make[1]: Leaving directory '/home/lzy/RockroboBridge/build/CMakeFiles/CMakeTmp'
Makefile:126: recipe for target 'cmTC_9720d/fast' failed
make: *** [cmTC_9720d/fast] Error 2

File /home/lzy/RockroboBridge/build/CMakeFiles/CMakeTmp/CheckSymbolExists.c:
/* */
#include <pthread.h>

int main(int argc, char** argv)
{
  (void)argv;
#ifndef pthread_create
  return ((int*)(&pthread_create))[argc];
#else
  (void)argc;
  return 0;
#endif
}

Determining if the function pthread_create exists in the pthreads failed with the following output:
Change Dir: /home/lzy/RockroboBridge/build/CMakeFiles/CMakeTmp

Run Build Command:"/usr/bin/make" "cmTC_e11ee/fast"
/usr/bin/make -f CMakeFiles/cmTC_e11ee.dir/build.make CMakeFiles/cmTC_e11ee.dir/build
make[1]: Entering directory '/home/lzy/RockroboBridge/build/CMakeFiles/CMakeTmp'
Building C object CMakeFiles/cmTC_e11ee.dir/CheckFunctionExists.c.o
/usr/bin/arm-linux-gnueabihf-gcc-5  -D_GLIBCXX_USE_CXX11_ABI=0  -DCHECK_FUNCTION_EXISTS=pthread_create   -o CMakeFiles/cmTC_e11ee.dir/CheckFunctionExists.c.o   -c /usr/share/cmake-3.5/Modules/CheckFunctionExists.c
Linking C executable cmTC_e11ee
/usr/bin/cmake -E cmake_link_script CMakeFiles/cmTC_e11ee.dir/link.txt --verbose=1
/usr/bin/arm-linux-gnueabihf-gcc-5   -DCHECK_FUNCTION_EXISTS=pthread_create    CMakeFiles/cmTC_e11ee.dir/CheckFunctionExists.c.o  -o cmTC_e11ee -rdynamic -lpthreads 
/usr/lib/gcc-cross/arm-linux-gnueabihf/5/../../../../arm-linux-gnueabihf/bin/ld: cannot find -lpthreads
collect2: error: ld returned 1 exit status
CMakeFiles/cmTC_e11ee.dir/build.make:97: recipe for target 'cmTC_e11ee' failed
make[1]: *** [cmTC_e11ee] Error 1
make[1]: Leaving directory '/home/lzy/RockroboBridge/build/CMakeFiles/CMakeTmp'
Makefile:126: recipe for target 'cmTC_e11ee/fast' failed
make: *** [cmTC_e11ee/fast] Error 2


